Модуль       Название               Тип драйвера  Дата ссылки
============ ====================== ============= ======================
1394ohci     1394 OHCI-совместимый  Kernel
3ware        3ware                  Kernel        19.05.2015 3:28:03
ACPI         Драйвер Microsoft ACPI Kernel
AcpiDev      Драйвер устройств с AC Kernel
acpiex       Microsoft ACPIEx Drive Kernel
acpipagr     Драйвер агрегатора про Kernel
AcpiPmi      Драйвер устройства изм Kernel
acpitime     Драйвер ACPI Wake Alar Kernel
Acx01000     Acx01000               Kernel
ADP80XX      ADP80XX                Kernel        10.04.2015 1:49:48
AFD          Драйвер дополнительных Kernel
afunix       afunix                 Kernel
ahcache      Application Compatibil Kernel
AiCharger    ASUS Charger Driver    Kernel        08.08.2016 14:24:00
amdgpio2     AMD GPIO Client Driver Kernel        07.02.2019 14:32:20
amdi2c       AMD I2C Controller Ser Kernel        13.06.2018 10:25:43
AmdK8        AMD K8 драйвер процесс Kernel
AmdPPM       Драйвер процессора AMD Kernel
amdsata      amdsata                Kernel        14.05.2015 17:14:52
amdsbs       amdsbs                 Kernel        12.12.2012 2:21:44
amdxata      amdxata                Kernel        01.05.2015 5:55:35
AppID        Драйвер AppID          Kernel
applockerflt Драйвер фильтра Smartl Kernel
arcsas       Adaptec SAS/SATA-II RA Kernel        10.04.2015 0:12:07
AsusPTPDrv   ASUS Touch Service     Kernel        15.04.2019 11:42:30
AsyncMac     Драйвер асинхронного н Kernel
atapi        Канал IDE              Kernel
ATKWMIACPIIO ATKWMIACPI Driver      Kernel        02.07.2013 13:35:32
b06bdrv      Сетевой адаптер VBD QL Kernel        25.05.2016 12:03:08
bam          Background Activity Mo Kernel
BasicDisplay BasicDisplay           Kernel
BasicRender  BasicRender            Kernel
bcmfn2       bcmfn2 Service         Kernel        01.11.2016 7:09:15
Beep         Beep                   Kernel
bindflt      Windows Bind Filter Dr File System
BlueStacksDr BlueStacks Hypervisor  Kernel        21.01.2019 17:57:48
bowser       Браузер                File System
BthA2dp      Microsoft Bluetooth A2 Kernel
BthEnum      Служба перечислителя B Kernel
BthHFAud     Драйвер звука гарнитур Kernel
BthHFEnum    Драйвер профиля гарнит Kernel
BthLEEnum    Драйвер Bluetooth с ни Kernel
BthMini      Драйвер радио Bluetoot Kernel
BTHMODEM     Драйвер связи Bluetoot Kernel
BthPan       Устройства Bluetooth ( Kernel
BTHPORT      Драйвер порта Bluetoot Kernel
BTHUSB       Драйвер порта USB ради Kernel
bttflt       Фильтр Microsoft Hyper Kernel
buttonconver Служба для устройств к Kernel
CAD          Драйвер вынесения реше Kernel
cdfs         CD/DVD File System Rea File System
cdrom        Драйвер CD-ROM дисково Kernel
cht4iscsi    cht4iscsi              Kernel        08.05.2018 18:27:04
cht4vbd      Драйвер виртуальной ши Kernel        08.05.2018 18:23:38
circlass     Потребительские ИК-уст Kernel
CldFlt       Windows Cloud Files Fi File System
CLFS         Common Log (CLFS)      Kernel
CmBatt       Драйвер батареи с ACPI Kernel
cm_km        AO Kaspersky Lab Crypt Kernel        06.10.2020 10:18:30
CNG          CNG                    Kernel
cnghwassist  CNG Hardware Assist al Kernel
CompositeBus Драйвер перечислителя  Kernel
condrv       Console Driver         Kernel
dam          Desktop Activity Moder Kernel
Dfsc         Драйвер клиента простр File System
disk         Драйвер диска          Kernel
dmvsc        dmvsc                  Kernel
dptf_acpi    dptf_acpi              Kernel        10.08.2016 23:43:11
dptf_cpu     dptf_cpu               Kernel        10.08.2016 23:43:11
drmkaud      Доверенные аудиодрайве Kernel
DXGKrnl      LDDM Graphics Subsyste Kernel
ebdrv        Адаптер QLogic 10 Giga Kernel        25.05.2016 12:01:05
EhStorClass  Enhanced Storage Filte Kernel
EhStorTcgDrv Драйвер Майкрософт для Kernel
ErrDev       Microsoft Hardware Err Kernel
esif_lf      esif_lf                Kernel        10.08.2016 23:43:26
exfat        exFAT File System Driv File System
FACEIT       FACEIT                 Kernel        25.09.2020 14:42:30
fastfat      FAT12/16/32 File Syste File System
fdc          Драйвер контроллера ги Kernel
FileCrypt    FileCrypt              File System
FileInfo     File Information FS Mi File System
Filetrace    Filetrace              File System
flpydisk     Драйвер дисковода гибк Kernel
FltMgr       Диспетчер фильтров     File System
FsDepends    File System Dependency File System
fvevol       Драйвер фильтра шифров Kernel
gameflt      gameflt                File System
gencounter   Счетчик создания Micro Kernel
genericusbfn Общий класс функции US Kernel
GPIOClx0101  Microsoft GPIO Class E Kernel
GpuEnergyDrv GPU Energy Driver      Kernel
Hamachi      LogMeIn Hamachi Virtua Kernel        30.03.2015 18:28:42
HdAudAddServ Драйвер функции UAA дл Kernel
HDAudBus     Драйвер для шины UAA д Kernel
HidBatt      Драйвер батареи ИБП HI Kernel
HidBth       Microsoft Bluetooth HI Kernel
hidi2c       Драйвер минипорта для  Kernel
hidinterrupt Общий драйвер для кноп Kernel
HidIr        Microsoft Infrared HID Kernel
hidspi       Драйвер минипорта для  Kernel
HIDSwitch    ASUS Wireless Radio Co Kernel        07.08.2019 14:46:16
HidUsb       Драйвер класса HID Mic Kernel
HpSAMD       HpSAMD                 Kernel        27.03.2013 2:36:54
HTTP         HTTP-служба            Kernel
hvcrash      hvcrash                Kernel
hvservice    Hypervisor/Virtual Mac Kernel
HwNClx0101   Microsoft Hardware Not Kernel
hwpolicy     Hardware Policy Driver Kernel
hyperkbd     hyperkbd               Kernel
HyperVideo   HyperVideo             Kernel
i8042prt     Драйвер i8042-клавиату Kernel
iagpio       Драйвер контроллера GP Kernel        23.07.2018 14:04:46
iai2c        Intel(R) Serial IO I2C Kernel        23.07.2018 14:04:39
iaLPSS2i_GPI Драйвер версии 2 Intel Kernel        19.04.2018 12:53:24
iaLPSS2i_GPI Драйвер версии 2 интер Kernel        17.04.2018 14:25:15
iaLPSS2i_GPI Драйвер версии 2 интер Kernel        17.04.2018 12:07:03
iaLPSS2i_GPI Драйвер версии 2 интер Kernel        16.05.2018 10:46:36
iaLPSS2i_I2C Драйвер версии 2 Intel Kernel        19.04.2018 12:52:58
iaLPSS2i_I2C Драйвер версии 2 I2C д Kernel        17.04.2018 14:24:40
iaLPSS2i_I2C Драйвер версии 2 интер Kernel        17.04.2018 12:06:22
iaLPSS2i_I2C Драйвер версии 2 интер Kernel        16.05.2018 10:46:02
iaLPSSi_GPIO Драйвер контроллера In Kernel        02.02.2015 14:00:09
iaLPSSi_I2C  Драйвер Intel(R) Seria Kernel        24.02.2015 20:52:07
iaStorA      Intel Chipset SATA RAI Kernel        17.03.2017 19:32:24
iaStorAfs    iaStorAfs              File System   17.03.2017 19:32:40
iaStorAVC    RAID-контроллер SATA д Kernel        07.02.2018 16:53:36
iaStorV      RAID-контроллер Intel  Kernel        11.04.2011 23:48:16
ibbus        Mellanox InfiniBand Bu Kernel        25.04.2018 21:29:09
ibtusb       Intel(R) Wireless Blue Kernel        06.09.2019 11:23:22
ICCWDT       Intel(R) Watchdog Time Kernel        04.05.2017 16:42:54
IndirectKmd  Драйвер режима ядра не Kernel
IntcAzAudAdd Service for Realtek HD Kernel        02.05.2017 19:12:59
intelide     intelide               Kernel
intelpep     Драйвер подключаемого  Kernel
intelpmax    Драйвер ограничения пи Kernel
intelppm     Драйвер Intel процессо Kernel
iocbios2     iocbios2               Kernel        17.04.2017 11:21:40
iorate       Драйвер фильтра скорос Kernel
IpFilterDriv Драйвер фильтра IP-тра Kernel
IPMIDRV      IPMIDRV                Kernel
IPNAT        IP Network Address Tra Kernel
IPT          IPT                    Kernel
isapnp       isapnp                 Kernel
iScsiPrt     Драйвер iScsiPort      Kernel
ItSas35i     ItSas35i               Kernel        03.05.2018 14:57:21
kbdclass     Драйвер класса клавиат Kernel
kbdhid       Драйвер клавиатуры HID Kernel
kdnic        Мини-порт сетевого ада Kernel
klbackupdisk Kaspersky Lab klbackup Kernel        06.10.2020 10:18:40
klbackupflt  Kaspersky Lab klbackup File System   06.10.2020 10:18:25
kldisk       kldisk                 Kernel        06.10.2020 10:18:23
klelam       klelam                 Kernel        07.02.2020 17:22:01
klflt        Kaspersky Lab Kernel D Kernel        15.10.2020 2:34:08
klgse        Kaspersky Lab Security File System   30.09.2020 12:31:30
klhk         Kaspersky Lab service  Kernel        23.09.2020 16:45:04
klids        klids                  Kernel        02.10.2020 16:39:36
KLIF         Kaspersky Lab Driver   File System   15.10.2020 2:34:54
klim6        Kaspersky Anti-Virus N Kernel
klkbdflt     Kaspersky Lab KLKBDFLT Kernel        06.10.2020 10:18:22
klmouflt     Kaspersky Lab KLMOUFLT Kernel        06.10.2020 10:18:24
klpd         Kaspersky Lab format r File System   06.10.2020 10:18:21
klpnpflt     Kaspersky Lab klpnpflt Kernel        06.10.2020 10:18:22
kltap        Kaspersky Security Dat Kernel        16.03.2018 23:44:54
klupd_klif_a klupd_klif_arkmon      Kernel        03.10.2020 1:53:16
klupd_klif_k klupd_klif_kimul       Kernel        22.01.2019 13:00:22
klupd_klif_k klupd_klif_klark       Kernel        03.10.2020 2:00:18
klupd_klif_k klupd_klif_klbg        Kernel        03.10.2020 2:00:17
klupd_klif_m klupd_klif_mark        Kernel        03.10.2020 1:56:52
klwfp        klwfp                  Kernel
Klwtp        KLwtp - WFP callout tr Kernel
kneps        kneps                  Kernel
KSecDD       KSecDD                 Kernel
KSecPkg      KSecPkg                Kernel
ksthunk      Kernel Streaming Thunk Kernel
lltdio       Ответчик обнаружения т Kernel
LSI_SAS      LSI_SAS                Kernel        26.03.2015 0:36:48
LSI_SAS2i    LSI_SAS2i              Kernel        02.08.2017 18:29:59
LSI_SAS3i    LSI_SAS3i              Kernel        02.05.2018 14:40:30
LSI_SSS      LSI_SSS                Kernel        16.03.2013 4:39:38
luafv        Виртуализация файла ко File System
mausbhost    Драйвер хост-контролле Kernel
mausbip      Драйвер IP-фильтр MA-U Kernel
MbbCx        MBB Network Adapter Cl Kernel
megasas      megasas                Kernel        05.03.2015 7:36:29
megasas2i    megasas2i              Kernel        24.07.2017 14:46:09
megasas35i   megasas35i             Kernel        06.12.2018 22:45:11
megasr       megasr                 Kernel        04.06.2013 3:02:39
MEIx64       Intel(R) Management En Kernel        15.09.2016 22:08:03
Microsoft_Bl Драйвер транспорта AVR Kernel
mlx4_bus     Перечислитель шины Mel Kernel        25.04.2018 21:29:43
MMCSS        Multimedia Class Sched Kernel
Modem        Modem                  Kernel
monitor      Microsoft Monitor Clas Kernel
mouclass     Драйвер класса мыши    Kernel
mouhid       Драйвер мыши HID       Kernel
mountmgr     Диспетчер точек подклю Kernel
mpsdrv       Windows Defender Firew Kernel
MRxDAV       Драйвер перенаправител File System
mrxsmb       Оболочка и модуль мини File System
mrxsmb20     Мини-перенаправитель S File System
MsBridge     MAC-мост (Майкрософт)  Kernel
Msfs         Msfs                   File System
msgpiowin32  Общий драйвер для кноп Kernel
mshidkmdf    Pass-through HID to KM Kernel
mshidumdf    Сквозной драйвер HID-U Kernel
msisadrv     msisadrv               Kernel
MSKSSRV      Представитель служб по Kernel
MsLldp       Протокол Microsoft LLD Kernel
MSPCLOCK     Посредник синхронизаци Kernel
MSPQM        Представитель диспетче Kernel
MsRPC        MsRPC                  Kernel
mssmbios     Драйвер Microsoft Syst Kernel
MSTEE        Преобразователь потоко Kernel
MTConfig     Microsoft Input Config Kernel
Mup          Mup                    File System
mvumis       mvumis                 Kernel        24.05.2014 1:39:04
NativeWifiP  Фильтр NativeWiFi      Kernel
ndfltr       Служба NetworkDirect   Kernel        25.04.2018 21:28:08
NDIS         Системный драйвер NDIS Kernel
NdisCap      Захват Microsoft NDIS  Kernel
NdisImPlatfo Протокол мультиплексор Kernel
NdisTapi     NDIS-драйвер TAPI удал Kernel
Ndisuio      NDIS Usermode I/O Prot Kernel
NdisVirtualB Перечислитель виртуаль Kernel
NdisWan      NDIS-драйвер глобально Kernel
ndiswanlegac Устаревшая версия NDIS Kernel
NDKPing      NDKPing Driver         Kernel
ndproxy      NDIS Proxy Driver      Kernel
Ndu          Windows Network Data U Kernel
NetAdapterCx Network Adapter Wdf Cl Kernel
NetBIOS      NetBIOS Interface      File System
NetBT        NetBT                  Kernel
netfilter2   netfilter2             Kernel        18.09.2016 5:52:38
netvsc       netvsc                 Kernel
Netwtw06     ___ Драйвер адаптера I Kernel        10.09.2019 16:25:59
Npfs         Npfs                   File System
npsvctrig    Named pipe service tri Kernel
nsiproxy     NSI Proxy Service Driv Kernel
Ntfs         Ntfs                   File System
Null         Null                   Kernel
nvdimm       Драйвер устройства (Ма Kernel
nvlddmkm     nvlddmkm               Kernel        07.11.2020 4:57:27
NvModuleTrac NvModuleTracker        Kernel        30.11.2019 3:09:01
nvpciflt     nvpciflt               Kernel        07.11.2020 4:44:24
nvraid       nvraid                 Kernel        21.04.2014 23:28:42
nvstor       nvstor                 Kernel        21.04.2014 23:34:03
nvvad_WaveEx NVIDIA Virtual Audio D Kernel        14.03.2019 13:58:48
nvvhci       NVVHCI Enumerator Serv Kernel        10.01.2020 23:31:07
Parport      Драйвер параллельного  Kernel
partmgr      Драйвер разделов       Kernel
pci          Драйвер шины PCI       Kernel
pciide       pciide                 Kernel
pcmcia       pcmcia                 Kernel
pcw          Performance Counters f Kernel
pdc          pdc                    Kernel
PEAUTH       PEAUTH                 Kernel
percsas2i    percsas2i              Kernel        15.03.2016 5:50:11
percsas3i    percsas3i              Kernel        02.06.2018 2:47:02
PktMon       Packet Monitor Driver  Kernel
pmem         Драйвер диска энергоне Kernel
PNPMEM       Драйвер модуля памяти  Kernel
portcfg      portcfg                Kernel
PptpMiniport Мини-порт глобальной с Kernel
Processor    Драйвер процессора     Kernel
Psched       Планировщик пакетов Qo Kernel
QWAVEdrv     Драйвер QWAVE          Kernel
Ramdisk      Windows RAM Disk Drive Kernel
RasAcd       Remote Access Auto Con Kernel
RasAgileVpn  Мини-порт глобальной с Kernel
Rasl2tp      Мини-порт глобальной с Kernel
RasPppoe     Драйвер PPPOE для удал Kernel
RasSstp      Мини-порт глобальной с Kernel
rdbss        Перенаправленная подси File System
rdpbus       Драйвер шины перенапра Kernel
RDPDR        Драйвер перенаправител Kernel
RdpVideoMini Remote Desktop Video M Kernel
rdyboost     ReadyBoost             Kernel
ReFS         ReFS                   File System
ReFSv1       ReFSv1                 File System
RFCOMM       Bluetooth Device (RFCO Kernel
rhproxy      Драйвер прокси-сервера Kernel
rspndr       Отвечающее устройство  Kernel
rt640x64     Realtek RT640 NT Drive Kernel        27.06.2017 13:42:46
s3cap        s3cap                  Kernel
sbp2port     SBP-2 драйвер шины тра Kernel
scfilter     Драйвер фильтра смарт- Kernel
scmbus       Драйвер Microsoft шины Kernel
ScpVBus      Scp Virtual Bus Driver Kernel        06.05.2013 2:31:26
sdbus        sdbus                  Kernel
SDFRd        Отражатель SDF         Kernel
sdstor       Драйвер порта SD Stora Kernel
SerCx        Serial UART Support Li Kernel
SerCx2       Serial UART Support Li Kernel
Serenum      Драйвер фильтра Serenu Kernel
Serial       Драйвер последовательн Kernel
sermouse     Драйвер мыши для посл. Kernel
sfloppy      Дисковод большой емкос Kernel
SgrmAgent    System Guard Runtime M Kernel
SiSRaid2     SiSRaid2               Kernel        24.09.2008 23:28:20
SiSRaid4     SiSRaid4               Kernel        02.10.2008 2:56:04
SmartSAMD    SmartSAMD              Kernel        17.04.2018 20:29:21
spaceport    Драйвер дискового прос Kernel
SpatialGraph Holographic Spatial Gr Kernel
SpbCx        Simple Peripheral Bus  Kernel
srv2         Драйвер сервера Server File System
srvnet       srvnet                 File System
SSPORT       SSPORT                 Kernel        12.08.2005 4:07:32
stexstor     stexstor               Kernel        27.11.2012 5:02:51
StillCam     Драйвер цифровой фоток Kernel
storahci     Стандартный драйвер SA Kernel
storflt      Ускоритель хранилища M Kernel
stornvme     Стандартный драйвер NV Kernel
storqosflt   Драйвер-фильтр качеств File System
storufs      Драйвер для универсаль Kernel
storvsc      storvsc                Kernel
swenum       Драйвер программной ши Kernel
Synth3dVsc   Synth3dVsc             Kernel
Tcpip        Драйвер протокола TCP/ Kernel
Tcpip6       @todo.dll,-100;Microso Kernel
tcpipreg     TCP/IP Registry Compat Kernel
tdx          Драйвер поддержки NetI Kernel
terminpt     Microsoft Remote Deskt Kernel
TPM          TPM                    Kernel
TsUsbFlt     Драйвер-фильтр класса  Kernel
TsUsbGD      Универсальное USB-устр Kernel
tunnel       Драйвер адаптера минип Kernel
UASPStor     Драйвер USB-устройства Kernel
UcmCx0101    USB Connector Manager  Kernel
UcmTcpciCx01 UCM-TCPCI KMDF Class E Kernel
UcmUcsiAcpiC Клиент ACPI UCM-UCSI   Kernel
UcmUcsiCx010 UCM-UCSI KMDF Class Ex Kernel
Ucx01000     USB Host Support Libra Kernel
UdeCx        USB Device Emulation S Kernel
udfs         udfs                   File System
UEFI         Драйвер UEFI (Майкросо Kernel
Ufx01000     USB Function Class Ext Kernel
UfxChipidea  USB-контроллер Chipide Kernel
ufxsynopsys  USB-котроллер Synopsys Kernel
umbus        UMBus драйвер перечисл Kernel
UmPass       Драйвер UMPass Microso Kernel
UrsChipidea  Драйвер с переключение Kernel
UrsCx01000   USB Role-Switch Suppor Kernel
UrsSynopsys  Драйвер с переключение Kernel
usbaudio     Аудио драйвер USB (WDM Kernel
usbaudio2    Служба USB Audio 2.0   Kernel
usbccgp      Драйвер универсального Kernel
usbcir       eHome инфракрасный рес Kernel
usbehci      Драйвер минипорта Micr Kernel
usbhub       Стандартный драйвер US Kernel
USBHUB3      Концентратор SuperSpee Kernel
usbohci      Драйвер минипорта Micr Kernel
usbprint     Класс принтеров Micros Kernel
usbser       Драйвер последовательн Kernel
USBSTOR      Драйвер запоминающих у Kernel
usbuhci      Драйвер минипорта Micr Kernel
usbvideo     USB-видеоустройство (W Kernel
USBXHCI      xHCI-совместимый хост- Kernel
VBoxDrv      VirtualBox Service     Kernel        04.09.2020 12:31:50
VBoxNetAdp   VirtualBox NDIS 6.0 Mi Kernel        04.09.2020 12:31:05
VBoxNetLwf   VirtualBox NDIS6 Bridg Kernel        04.09.2020 12:31:05
VBoxUSBMon   VirtualBox USB Monitor Kernel        04.09.2020 12:31:05
vdrvroot     Перечислитель виртуаль Kernel
VerifierExt  Расширение средства пр Kernel
vhdmp        vhdmp                  Kernel
vhf          Драйвер платформы Virt Kernel
Vid          Vid                    Kernel
vmbus        Шина VMBus             Kernel
VMBusHID     VMBusHID               Kernel
vmgid        Драйвер инфраструктуры Kernel
volmgr       Драйвер диспетчера том Kernel
volmgrx      Диспетчер динамических Kernel
volsnap      Драйвер теневого копир Kernel
volume       Драйвер тома           Kernel
vpci         Виртуальная шина PCI M Kernel
vsmraid      vsmraid                Kernel        23.04.2014 0:21:41
VSTXRAID     Драйвер RAID-контролле Kernel        22.01.2013 0:00:28
vwifibus     Virtual Wireless Bus D Kernel
vwififlt     Virtual WiFi Filter Dr Kernel
vwifimp      Virtual WiFi Miniport  Kernel
WacomPen     Wacom - драйвер пера п Kernel
wanarp       Драйвер IP ARP для уда Kernel
wanarpv6     Драйвер IPv6 ARP для у Kernel
wcifs        Windows Container Isol File System
wcnfs        Windows Container Name File System
WdBoot       Драйвер загрузки Windo Kernel
Wdf01000     Служба платформ драйве Kernel
WdFilter     Драйвер мини-фильтра W File System
wdiwifi      WDI Driver Framework   Kernel
WdmCompanion WdmCompanionFilter     Kernel
WdNisDrv     Системный драйвер пров Kernel
WFPLWFS      Платформа фильтрации M Kernel
WIMMount     WIMMount               File System
WindowsTrust Windows Trusted Execut Kernel
WindowsTrust Служба безопасности до Kernel
WinMad       Служба WinMad          Kernel        25.04.2018 21:27:32
WinNat       Драйвер NAT Windows    Kernel
WinQuic      WinQuic                Kernel
WINUSB       Драйвер WinUsb         Kernel
WinVerbs     Служба WinVerbs        Kernel        25.04.2018 21:28:00
WmiAcpi      Microsoft Windows Mana Kernel
Wof          Windows Overlay File S File System
WpdUpFltr    WPD Upper Class Filter Kernel
ws2ifsl      Драйвер WinSock IFS    Kernel
WSDPrintDevi Поддержка печати WSD   Kernel
WSDScan      Поддержка сканирования Kernel
WudfPf       User Mode Driver Frame Kernel
WUDFRd       Windows Driver Foundat Kernel
WUDFWpdFs    Драйвер файловой систе Kernel
xboxgip      Драйвер протокола игро Kernel
xinputhid    Драйвер-фильтр HID XIN Kernel
Xvdd         XVDD Port Driver       Kernel