Имя_службы: AdobeARMservice
Выводимое_имя: Adobe Acrobat Update Service
        Тип                : 10  WIN32_OWN_PROCESS
        Состояние          : 4  RUNNING
                                (STOPPABLE, NOT_PAUSABLE, IGNORES_SHUTDOWN)
        Код_выхода_Win32   : 0  (0x0)
        Код_выхода_службы  : 0  (0x0)
        Контрольная_точка  : 0x0
        Ожидание           : 0x0

Имя_службы: Appinfo
Выводимое_имя: Сведения о приложении
        Тип                : 30  WIN32
        Состояние          : 4  RUNNING
                                (STOPPABLE, NOT_PAUSABLE, IGNORES_SHUTDOWN)
        Код_выхода_Win32   : 0  (0x0)
        Код_выхода_службы  : 0  (0x0)
        Контрольная_точка  : 0x0
        Ожидание           : 0x0

Имя_службы: Apple Mobile Device Service
Выводимое_имя: Apple Mobile Device Service
        Тип                : 10  WIN32_OWN_PROCESS
        Состояние          : 4  RUNNING
                                (STOPPABLE, NOT_PAUSABLE, IGNORES_SHUTDOWN)
        Код_выхода_Win32   : 0  (0x0)
        Код_выхода_службы  : 0  (0x0)
        Контрольная_точка  : 0x0
        Ожидание           : 0x0

Имя_службы: AsHidService
Выводимое_имя: ASUS HID Access Service
        Тип                : 10  WIN32_OWN_PROCESS
        Состояние          : 4  RUNNING
                                (STOPPABLE, NOT_PAUSABLE, ACCEPTS_SHUTDOWN)
        Код_выхода_Win32   : 0  (0x0)
        Код_выхода_службы  : 0  (0x0)
        Контрольная_точка  : 0x0
        Ожидание           : 0x0

Имя_службы: ASLDRService
Выводимое_имя: ASLDR Service
        Тип                : 10  WIN32_OWN_PROCESS
        Состояние          : 4  RUNNING
                                (STOPPABLE, NOT_PAUSABLE, ACCEPTS_SHUTDOWN)
        Код_выхода_Win32   : 0  (0x0)
        Код_выхода_службы  : 0  (0x0)
        Контрольная_точка  : 0x0
        Ожидание           : 0x0

Имя_службы: AudioEndpointBuilder
Выводимое_имя: Средство построения конечных точек Windows Audio
        Тип                : 30  WIN32
        Состояние          : 4  RUNNING
                                (STOPPABLE, NOT_PAUSABLE, IGNORES_SHUTDOWN)
        Код_выхода_Win32   : 0  (0x0)
        Код_выхода_службы  : 0  (0x0)
        Контрольная_точка  : 0x0
        Ожидание           : 0x0

Имя_службы: Audiosrv
Выводимое_имя: Windows Audio
        Тип                : 10  WIN32_OWN_PROCESS
        Состояние          : 4  RUNNING
                                (STOPPABLE, NOT_PAUSABLE, IGNORES_SHUTDOWN)
        Код_выхода_Win32   : 0  (0x0)
        Код_выхода_службы  : 0  (0x0)
        Контрольная_точка  : 0x0
        Ожидание           : 0x0

Имя_службы: AVP21.1
Выводимое_имя: Kaspersky Anti-Virus Service 21.1
        Тип                : 10  WIN32_OWN_PROCESS
        Состояние          : 4  RUNNING
                                (NOT_STOPPABLE, NOT_PAUSABLE, ACCEPTS_SHUTDOWN)
        Код_выхода_Win32   : 0  (0x0)
        Код_выхода_службы  : 0  (0x0)
        Контрольная_точка  : 0x0
        Ожидание           : 0x0

Имя_службы: BFE
Выводимое_имя: Служба базовой фильтрации
        Тип                : 20  WIN32_SHARE_PROCESS
        Состояние          : 4  RUNNING
                                (STOPPABLE, NOT_PAUSABLE, IGNORES_SHUTDOWN)
        Код_выхода_Win32   : 0  (0x0)
        Код_выхода_службы  : 0  (0x0)
        Контрольная_точка  : 0x0
        Ожидание           : 0x0

Имя_службы: BITS
Выводимое_имя: Фоновая интеллектуальная служба передачи (BITS)
        Тип                : 30  WIN32
        Состояние          : 4  RUNNING
                                (STOPPABLE, NOT_PAUSABLE, ACCEPTS_PRESHUTDOWN)
        Код_выхода_Win32   : 0  (0x0)
        Код_выхода_службы  : 0  (0x0)
        Контрольная_точка  : 0x0
        Ожидание           : 0x0

Имя_службы: Bonjour Service
Выводимое_имя: Служба Bonjour
        Тип                : 10  WIN32_OWN_PROCESS
        Состояние          : 4  RUNNING
                                (STOPPABLE, NOT_PAUSABLE, ACCEPTS_SHUTDOWN)
        Код_выхода_Win32   : 0  (0x0)
        Код_выхода_службы  : 0  (0x0)
        Контрольная_точка  : 0x0
        Ожидание           : 0x0

Имя_службы: BrokerInfrastructure
Выводимое_имя: Служба инфраструктуры фоновых задач
        Тип                : 20  WIN32_SHARE_PROCESS
        Состояние          : 4  RUNNING
                                (NOT_STOPPABLE, NOT_PAUSABLE, IGNORES_SHUTDOWN)
        Код_выхода_Win32   : 0  (0x0)
        Код_выхода_службы  : 0  (0x0)
        Контрольная_точка  : 0x0
        Ожидание           : 0x0

Имя_службы: BthAvctpSvc
Выводимое_имя: Служба AVCTP
        Тип                : 30  WIN32
        Состояние          : 4  RUNNING
                                (STOPPABLE, NOT_PAUSABLE, IGNORES_SHUTDOWN)
        Код_выхода_Win32   : 0  (0x0)
        Код_выхода_службы  : 0  (0x0)
        Контрольная_точка  : 0x0
        Ожидание           : 0x0

Имя_службы: camsvc
Выводимое_имя: Служба диспетчера доступа к возможностям
        Тип                : 30  WIN32
        Состояние          : 4  RUNNING
                                (STOPPABLE, NOT_PAUSABLE, ACCEPTS_SHUTDOWN)
        Код_выхода_Win32   : 0  (0x0)
        Код_выхода_службы  : 0  (0x0)
        Контрольная_точка  : 0x0
        Ожидание           : 0x0

Имя_службы: CDPSvc
Выводимое_имя: Служба платформы подключенных устройств
        Тип                : 30  WIN32
        Состояние          : 4  RUNNING
                                (STOPPABLE, NOT_PAUSABLE, IGNORES_SHUTDOWN)
        Код_выхода_Win32   : 0  (0x0)
        Код_выхода_службы  : 0  (0x0)
        Контрольная_точка  : 0x0
        Ожидание           : 0x0

Имя_службы: CertPropSvc
Выводимое_имя: Распространение сертификата
        Тип                : 30  WIN32
        Состояние          : 4  RUNNING
                                (STOPPABLE, NOT_PAUSABLE, ACCEPTS_SHUTDOWN)
        Код_выхода_Win32   : 0  (0x0)
        Код_выхода_службы  : 0  (0x0)
        Контрольная_точка  : 0x0
        Ожидание           : 0x0

Имя_службы: CoreMessagingRegistrar
Выводимое_имя: CoreMessaging
        Тип                : 20  WIN32_SHARE_PROCESS
        Состояние          : 4  RUNNING
                                (NOT_STOPPABLE, NOT_PAUSABLE, IGNORES_SHUTDOWN)
        Код_выхода_Win32   : 0  (0x0)
        Код_выхода_службы  : 0  (0x0)
        Контрольная_точка  : 0x0
        Ожидание           : 0x0

Имя_службы: CryptSvc
Выводимое_имя: Службы криптографии
        Тип                : 30  WIN32
        Состояние          : 4  RUNNING
                                (STOPPABLE, NOT_PAUSABLE, ACCEPTS_SHUTDOWN)
        Код_выхода_Win32   : 0  (0x0)
        Код_выхода_службы  : 0  (0x0)
        Контрольная_точка  : 0x0
        Ожидание           : 0x0

Имя_службы: DcomLaunch
Выводимое_имя: Модуль запуска процессов DCOM-сервера
        Тип                : 20  WIN32_SHARE_PROCESS
        Состояние          : 4  RUNNING
                                (NOT_STOPPABLE, NOT_PAUSABLE, IGNORES_SHUTDOWN)
        Код_выхода_Win32   : 0  (0x0)
        Код_выхода_службы  : 0  (0x0)
        Контрольная_точка  : 0x0
        Ожидание           : 0x0

Имя_службы: DeviceAssociationService
Выводимое_имя: Служба сопоставления устройств
        Тип                : 30  WIN32
        Состояние          : 4  RUNNING
                                (STOPPABLE, NOT_PAUSABLE, ACCEPTS_SHUTDOWN)
        Код_выхода_Win32   : 0  (0x0)
        Код_выхода_службы  : 0  (0x0)
        Контрольная_точка  : 0x0
        Ожидание           : 0x0

Имя_службы: DeviceInstall
Выводимое_имя: Служба установки устройств
        Тип                : 30  WIN32
        Состояние          : 4  RUNNING
                                (STOPPABLE, NOT_PAUSABLE, ACCEPTS_PRESHUTDOWN)
        Код_выхода_Win32   : 0  (0x0)
        Код_выхода_службы  : 0  (0x0)
        Контрольная_точка  : 0x0
        Ожидание           : 0x0

Имя_службы: DevQueryBroker
Выводимое_имя: Брокер фонового обнаружения DevQuery
        Тип                : 30  WIN32
        Состояние          : 4  RUNNING
                                (STOPPABLE, NOT_PAUSABLE, ACCEPTS_SHUTDOWN)
        Код_выхода_Win32   : 0  (0x0)
        Код_выхода_службы  : 0  (0x0)
        Контрольная_точка  : 0x0
        Ожидание           : 0x0

Имя_службы: Dhcp
Выводимое_имя: DHCP-клиент
        Тип                : 30  WIN32
        Состояние          : 4  RUNNING
                                (STOPPABLE, NOT_PAUSABLE, ACCEPTS_SHUTDOWN)
        Код_выхода_Win32   : 0  (0x0)
        Код_выхода_службы  : 0  (0x0)
        Контрольная_точка  : 0x0
        Ожидание           : 0x0

Имя_службы: DiagTrack
Выводимое_имя: Функциональные возможности для подключенных пользователей и телеметрия
        Тип                : 10  WIN32_OWN_PROCESS
        Состояние          : 4  RUNNING
                                (STOPPABLE, NOT_PAUSABLE, ACCEPTS_PRESHUTDOWN)
        Код_выхода_Win32   : 0  (0x0)
        Код_выхода_службы  : 0  (0x0)
        Контрольная_точка  : 0x0
        Ожидание           : 0x0

Имя_службы: DispBrokerDesktopSvc
Выводимое_имя: Служба политики отображения
        Тип                : 30  WIN32
        Состояние          : 4  RUNNING
                                (STOPPABLE, NOT_PAUSABLE, IGNORES_SHUTDOWN)
        Код_выхода_Win32   : 0  (0x0)
        Код_выхода_службы  : 0  (0x0)
        Контрольная_точка  : 0x0
        Ожидание           : 0x0

Имя_службы: DisplayEnhancementService
Выводимое_имя: Служба улучшения отображения
        Тип                : 30  WIN32
        Состояние          : 4  RUNNING
                                (STOPPABLE, NOT_PAUSABLE, IGNORES_SHUTDOWN)
        Код_выхода_Win32   : 0  (0x0)
        Код_выхода_службы  : 0  (0x0)
        Контрольная_точка  : 0x0
        Ожидание           : 0x0

Имя_службы: Dnscache
Выводимое_имя: DNS-клиент
        Тип                : 30  WIN32
        Состояние          : 4  RUNNING
                                (NOT_STOPPABLE, NOT_PAUSABLE, IGNORES_SHUTDOWN)
        Код_выхода_Win32   : 0  (0x0)
        Код_выхода_службы  : 0  (0x0)
        Контрольная_точка  : 0x0
        Ожидание           : 0x0

Имя_службы: DoSvc
Выводимое_имя: Оптимизация доставки
        Тип                : 30  WIN32
        Состояние          : 4  RUNNING
                                (STOPPABLE, NOT_PAUSABLE, ACCEPTS_PRESHUTDOWN)
        Код_выхода_Win32   : 0  (0x0)
        Код_выхода_службы  : 0  (0x0)
        Контрольная_точка  : 0x0
        Ожидание           : 0x0

Имя_службы: DPS
Выводимое_имя: Служба политики диагностики
        Тип                : 30  WIN32
        Состояние          : 4  RUNNING
                                (STOPPABLE, NOT_PAUSABLE, ACCEPTS_SHUTDOWN)
        Код_выхода_Win32   : 0  (0x0)
        Код_выхода_службы  : 0  (0x0)
        Контрольная_точка  : 0x0
        Ожидание           : 0x0

Имя_службы: DsSvc
Выводимое_имя: Служба совместного доступа к данным
        Тип                : 30  WIN32
        Состояние          : 4  RUNNING
                                (STOPPABLE, NOT_PAUSABLE, ACCEPTS_PRESHUTDOWN)
        Код_выхода_Win32   : 0  (0x0)
        Код_выхода_службы  : 0  (0x0)
        Контрольная_точка  : 0x0
        Ожидание           : 0x0

Имя_службы: DusmSvc
Выводимое_имя: Использование данных
        Тип                : 10  WIN32_OWN_PROCESS
        Состояние          : 4  RUNNING
                                (STOPPABLE, NOT_PAUSABLE, IGNORES_SHUTDOWN)
        Код_выхода_Win32   : 0  (0x0)
        Код_выхода_службы  : 0  (0x0)
        Контрольная_точка  : 0x0
        Ожидание           : 0x0

Имя_службы: esifsvc
Выводимое_имя: ESIF Upper Framework Service
        Тип                : 10  WIN32_OWN_PROCESS
        Состояние          : 4  RUNNING
                                (STOPPABLE, PAUSABLE, ACCEPTS_PRESHUTDOWN)
        Код_выхода_Win32   : 0  (0x0)
        Код_выхода_службы  : 0  (0x0)
        Контрольная_точка  : 0x0
        Ожидание           : 0x0

Имя_службы: EventLog
Выводимое_имя: Журнал событий Windows
        Тип                : 30  WIN32
        Состояние          : 4  RUNNING
                                (STOPPABLE, NOT_PAUSABLE, ACCEPTS_SHUTDOWN)
        Код_выхода_Win32   : 0  (0x0)
        Код_выхода_службы  : 0  (0x0)
        Контрольная_точка  : 0x0
        Ожидание           : 0x0

Имя_службы: EventSystem
Выводимое_имя: Система событий COM+
        Тип                : 30  WIN32
        Состояние          : 4  RUNNING
                                (STOPPABLE, NOT_PAUSABLE, IGNORES_SHUTDOWN)
        Код_выхода_Win32   : 0  (0x0)
        Код_выхода_службы  : 0  (0x0)
        Контрольная_точка  : 0x0
        Ожидание           : 0x0

Имя_службы: fdPHost
Выводимое_имя: Хост поставщика функции обнаружения
        Тип                : 30  WIN32
        Состояние          : 4  RUNNING
                                (STOPPABLE, NOT_PAUSABLE, IGNORES_SHUTDOWN)
        Код_выхода_Win32   : 0  (0x0)
        Код_выхода_службы  : 0  (0x0)
        Контрольная_точка  : 0x0
        Ожидание           : 0x0

Имя_службы: FDResPub
Выводимое_имя: Публикация ресурсов обнаружения функции
        Тип                : 30  WIN32
        Состояние          : 4  RUNNING
                                (STOPPABLE, NOT_PAUSABLE, ACCEPTS_SHUTDOWN)
        Код_выхода_Win32   : 0  (0x0)
        Код_выхода_службы  : 0  (0x0)
        Контрольная_точка  : 0x0
        Ожидание           : 0x0

Имя_службы: FontCache
Выводимое_имя: Служба кэша шрифтов Windows
        Тип                : 30  WIN32
        Состояние          : 4  RUNNING
                                (STOPPABLE, NOT_PAUSABLE, ACCEPTS_SHUTDOWN)
        Код_выхода_Win32   : 0  (0x0)
        Код_выхода_службы  : 0  (0x0)
        Контрольная_точка  : 0x0
        Ожидание           : 0x0

Имя_службы: GameInput
Выводимое_имя: GameInput Service
        Тип                : 10  WIN32_OWN_PROCESS
        Состояние          : 4  RUNNING
                                (STOPPABLE, NOT_PAUSABLE, ACCEPTS_SHUTDOWN)
        Код_выхода_Win32   : 0  (0x0)
        Код_выхода_службы  : 0  (0x0)
        Контрольная_точка  : 0x0
        Ожидание           : 0x0

Имя_службы: GamingServices
Выводимое_имя: GamingServices
        Тип                : 210  WIN32_PACKAGED_PROCESS
        Состояние          : 4  RUNNING
                                (STOPPABLE, NOT_PAUSABLE, ACCEPTS_SHUTDOWN)
        Код_выхода_Win32   : 0  (0x0)
        Код_выхода_службы  : 0  (0x0)
        Контрольная_точка  : 0x0
        Ожидание           : 0x0

Имя_службы: GamingServicesNet
Выводимое_имя: GamingServicesNet
        Тип                : 210  WIN32_PACKAGED_PROCESS
        Состояние          : 4  RUNNING
                                (STOPPABLE, NOT_PAUSABLE, IGNORES_SHUTDOWN)
        Код_выхода_Win32   : 0  (0x0)
        Код_выхода_службы  : 0  (0x0)
        Контрольная_точка  : 0x0
        Ожидание           : 0x0

Имя_службы: gpsvc
Выводимое_имя: Клиент групповой политики
        Тип                : 30  WIN32
        Состояние          : 4  RUNNING
                                (STOPPABLE, NOT_PAUSABLE, ACCEPTS_PRESHUTDOWN)
        Код_выхода_Win32   : 0  (0x0)
        Код_выхода_службы  : 0  (0x0)
        Контрольная_точка  : 0x0
        Ожидание           : 0x0

Имя_службы: Hamachi2Svc
Выводимое_имя: LogMeIn Hamachi Tunneling Engine
        Тип                : 110  WIN32_OWN_PROCESS  (interactive)
        Состояние          : 4  RUNNING
                                (STOPPABLE, NOT_PAUSABLE, ACCEPTS_SHUTDOWN)
        Код_выхода_Win32   : 0  (0x0)
        Код_выхода_службы  : 0  (0x0)
        Контрольная_точка  : 0x0
        Ожидание           : 0x0

Имя_службы: hidserv
Выводимое_имя: Доступ к HID-устройствам
        Тип                : 30  WIN32
        Состояние          : 4  RUNNING
                                (STOPPABLE, NOT_PAUSABLE, ACCEPTS_SHUTDOWN)
        Код_выхода_Win32   : 0  (0x0)
        Код_выхода_службы  : 0  (0x0)
        Контрольная_точка  : 0x0
        Ожидание           : 0x0

Имя_службы: ibtsiva
Выводимое_имя: Intel Bluetooth Service
        Тип                : 10  WIN32_OWN_PROCESS
        Состояние          : 4  RUNNING
                                (STOPPABLE, NOT_PAUSABLE, ACCEPTS_SHUTDOWN)
        Код_выхода_Win32   : 0  (0x0)
        Код_выхода_службы  : 0  (0x0)
        Контрольная_точка  : 0x0
        Ожидание           : 0x0

Имя_службы: IKEEXT
Выводимое_имя: Модули ключей IPsec для обмена ключами в Интернете и протокола IP с проверкой подлинности
        Тип                : 30  WIN32
        Состояние          : 4  RUNNING
                                (STOPPABLE, NOT_PAUSABLE, ACCEPTS_SHUTDOWN)
        Код_выхода_Win32   : 0  (0x0)
        Код_выхода_службы  : 0  (0x0)
        Контрольная_точка  : 0x0
        Ожидание           : 0x0

Имя_службы: InstallService
Выводимое_имя: Служба установки Microsoft Store
        Тип                : 10  WIN32_OWN_PROCESS
        Состояние          : 4  RUNNING
                                (STOPPABLE, NOT_PAUSABLE, IGNORES_SHUTDOWN)
        Код_выхода_Win32   : 0  (0x0)
        Код_выхода_службы  : 0  (0x0)
        Контрольная_точка  : 0x0
        Ожидание           : 0x0

Имя_службы: iphlpsvc
Выводимое_имя: Вспомогательная служба IP
        Тип                : 30  WIN32
        Состояние          : 4  RUNNING
                                (STOPPABLE, NOT_PAUSABLE, IGNORES_SHUTDOWN)
        Код_выхода_Win32   : 0  (0x0)
        Код_выхода_службы  : 0  (0x0)
        Контрольная_точка  : 0x0
        Ожидание           : 0x0

Имя_службы: jhi_service
Выводимое_имя: Intel(R) Dynamic Application Loader Host Interface Service
        Тип                : 10  WIN32_OWN_PROCESS
        Состояние          : 4  RUNNING
                                (STOPPABLE, NOT_PAUSABLE, IGNORES_SHUTDOWN)
        Код_выхода_Win32   : 0  (0x0)
        Код_выхода_службы  : 0  (0x0)
        Контрольная_точка  : 0x0
        Ожидание           : 0x0

Имя_службы: KeyIso
Выводимое_имя: Изоляция ключей CNG
        Тип                : 20  WIN32_SHARE_PROCESS
        Состояние          : 4  RUNNING
                                (STOPPABLE, NOT_PAUSABLE, IGNORES_SHUTDOWN)
        Код_выхода_Win32   : 0  (0x0)
        Код_выхода_службы  : 0  (0x0)
        Контрольная_точка  : 0x0
        Ожидание           : 0x0

Имя_службы: KSDE4.0
Выводимое_имя: Kaspersky Secure Connection Service 4.0
        Тип                : 10  WIN32_OWN_PROCESS
        Состояние          : 4  RUNNING
                                (NOT_STOPPABLE, NOT_PAUSABLE, ACCEPTS_SHUTDOWN)
        Код_выхода_Win32   : 0  (0x0)
        Код_выхода_службы  : 0  (0x0)
        Контрольная_точка  : 0x0
        Ожидание           : 0x0

Имя_службы: LanmanServer
Выводимое_имя: Сервер
        Тип                : 30  WIN32
        Состояние          : 4  RUNNING
                                (STOPPABLE, NOT_PAUSABLE, IGNORES_SHUTDOWN)
        Код_выхода_Win32   : 0  (0x0)
        Код_выхода_службы  : 0  (0x0)
        Контрольная_точка  : 0x0
        Ожидание           : 0x0

Имя_службы: LanmanWorkstation
Выводимое_имя: Рабочая станция
        Тип                : 30  WIN32
        Состояние          : 4  RUNNING
                                (STOPPABLE, PAUSABLE, IGNORES_SHUTDOWN)
        Код_выхода_Win32   : 0  (0x0)
        Код_выхода_службы  : 0  (0x0)
        Контрольная_точка  : 0x0
        Ожидание           : 0x0

Имя_службы: lfsvc
Выводимое_имя: Служба географического положения
        Тип                : 30  WIN32
        Состояние          : 4  RUNNING
                                (STOPPABLE, NOT_PAUSABLE, IGNORES_SHUTDOWN)
        Код_выхода_Win32   : 0  (0x0)
        Код_выхода_службы  : 0  (0x0)
        Контрольная_точка  : 0x0
        Ожидание           : 0x0

Имя_службы: LicenseManager
Выводимое_имя: Служба Windows License Manager
        Тип                : 30  WIN32
        Состояние          : 4  RUNNING
                                (STOPPABLE, NOT_PAUSABLE, IGNORES_SHUTDOWN)
        Код_выхода_Win32   : 0  (0x0)
        Код_выхода_службы  : 0  (0x0)
        Контрольная_точка  : 0x0
        Ожидание           : 0x0

Имя_службы: lmhosts
Выводимое_имя: Модуль поддержки NetBIOS через TCP/IP
        Тип                : 30  WIN32
        Состояние          : 4  RUNNING
                                (STOPPABLE, NOT_PAUSABLE, IGNORES_SHUTDOWN)
        Код_выхода_Win32   : 0  (0x0)
        Код_выхода_службы  : 0  (0x0)
        Контрольная_точка  : 0x0
        Ожидание           : 0x0

Имя_службы: LMIGuardianSvc
Выводимое_имя: LMIGuardianSvc
        Тип                : 10  WIN32_OWN_PROCESS
        Состояние          : 4  RUNNING
                                (STOPPABLE, NOT_PAUSABLE, IGNORES_SHUTDOWN)
        Код_выхода_Win32   : 0  (0x0)
        Код_выхода_службы  : 0  (0x0)
        Контрольная_точка  : 0x0
        Ожидание           : 0x0

Имя_службы: LMS
Выводимое_имя: Intel(R) Management and Security Application Local Management Service
        Тип                : 10  WIN32_OWN_PROCESS
        Состояние          : 4  RUNNING
                                (STOPPABLE, NOT_PAUSABLE, ACCEPTS_SHUTDOWN)
        Код_выхода_Win32   : 0  (0x0)
        Код_выхода_службы  : 0  (0x0)
        Контрольная_точка  : 0x0
        Ожидание           : 0x0

Имя_службы: LSM
Выводимое_имя: Диспетчер локальных сеансов
        Тип                : 30  WIN32
        Состояние          : 4  RUNNING
                                (NOT_STOPPABLE, NOT_PAUSABLE, IGNORES_SHUTDOWN)
        Код_выхода_Win32   : 0  (0x0)
        Код_выхода_службы  : 0  (0x0)
        Контрольная_точка  : 0x0
        Ожидание           : 0x0

Имя_службы: mpssvc
Выводимое_имя: Брандмауэр Защитника Windows
        Тип                : 20  WIN32_SHARE_PROCESS
        Состояние          : 4  RUNNING
                                (NOT_STOPPABLE, NOT_PAUSABLE, IGNORES_SHUTDOWN)
        Код_выхода_Win32   : 0  (0x0)
        Код_выхода_службы  : 0  (0x0)
        Контрольная_точка  : 0x0
        Ожидание           : 0x0

Имя_службы: NcbService
Выводимое_имя: Посредник подключений к сети
        Тип                : 30  WIN32
        Состояние          : 4  RUNNING
                                (STOPPABLE, NOT_PAUSABLE, IGNORES_SHUTDOWN)
        Код_выхода_Win32   : 0  (0x0)
        Код_выхода_службы  : 0  (0x0)
        Контрольная_точка  : 0x0
        Ожидание           : 0x0

Имя_службы: NcdAutoSetup
Выводимое_имя: Автоматическая настройка сетевых устройств
        Тип                : 30  WIN32
        Состояние          : 4  RUNNING
                                (STOPPABLE, NOT_PAUSABLE, IGNORES_SHUTDOWN)
        Код_выхода_Win32   : 0  (0x0)
        Код_выхода_службы  : 0  (0x0)
        Контрольная_точка  : 0x0
        Ожидание           : 0x0

Имя_службы: netprofm
Выводимое_имя: Служба списка сетей
        Тип                : 30  WIN32
        Состояние          : 4  RUNNING
                                (STOPPABLE, NOT_PAUSABLE, IGNORES_SHUTDOWN)
        Код_выхода_Win32   : 0  (0x0)
        Код_выхода_службы  : 0  (0x0)
        Контрольная_точка  : 0x0
        Ожидание           : 0x0

Имя_службы: NlaSvc
Выводимое_имя: Служба сведений о подключенных сетях
        Тип                : 30  WIN32
        Состояние          : 4  RUNNING
                                (STOPPABLE, NOT_PAUSABLE, IGNORES_SHUTDOWN)
        Код_выхода_Win32   : 0  (0x0)
        Код_выхода_службы  : 0  (0x0)
        Контрольная_точка  : 0x0
        Ожидание           : 0x0

Имя_службы: nsi
Выводимое_имя: Служба интерфейса сохранения сети
        Тип                : 30  WIN32
        Состояние          : 4  RUNNING
                                (STOPPABLE, NOT_PAUSABLE, IGNORES_SHUTDOWN)
        Код_выхода_Win32   : 0  (0x0)
        Код_выхода_службы  : 0  (0x0)
        Контрольная_точка  : 0x0
        Ожидание           : 0x0

Имя_службы: NvContainerLocalSystem
Выводимое_имя: NVIDIA LocalSystem Container
        Тип                : 10  WIN32_OWN_PROCESS
        Состояние          : 4  RUNNING
                                (STOPPABLE, NOT_PAUSABLE, ACCEPTS_SHUTDOWN)
        Код_выхода_Win32   : 0  (0x0)
        Код_выхода_службы  : 0  (0x0)
        Контрольная_точка  : 0x0
        Ожидание           : 0x0

Имя_службы: NVDisplay.ContainerLocalSystem
Выводимое_имя: NVIDIA Display Container LS
        Тип                : 10  WIN32_OWN_PROCESS
        Состояние          : 4  RUNNING
                                (STOPPABLE, NOT_PAUSABLE, ACCEPTS_SHUTDOWN)
        Код_выхода_Win32   : 0  (0x0)
        Код_выхода_службы  : 0  (0x0)
        Контрольная_точка  : 0x0
        Ожидание           : 0x0

Имя_службы: PcaSvc
Выводимое_имя: Служба помощника по совместимости программ
        Тип                : 30  WIN32
        Состояние          : 4  RUNNING
                                (STOPPABLE, NOT_PAUSABLE, ACCEPTS_SHUTDOWN)
        Код_выхода_Win32   : 0  (0x0)
        Код_выхода_службы  : 0  (0x0)
        Контрольная_точка  : 0x0
        Ожидание           : 0x0

Имя_службы: PIEServiceNew
Выводимое_имя: Intel® PROSet/Wireless Service
        Тип                : 10  WIN32_OWN_PROCESS
        Состояние          : 4  RUNNING
                                (STOPPABLE, NOT_PAUSABLE, ACCEPTS_PRESHUTDOWN)
        Код_выхода_Win32   : 0  (0x0)
        Код_выхода_службы  : 0  (0x0)
        Контрольная_точка  : 0x0
        Ожидание           : 0x0

Имя_службы: PlugPlay
Выводимое_имя: Plug and Play
        Тип                : 30  WIN32
        Состояние          : 4  RUNNING
                                (STOPPABLE, NOT_PAUSABLE, ACCEPTS_SHUTDOWN)
        Код_выхода_Win32   : 0  (0x0)
        Код_выхода_службы  : 0  (0x0)
        Контрольная_точка  : 0x0
        Ожидание           : 0x0

Имя_службы: Power
Выводимое_имя: Питание
        Тип                : 20  WIN32_SHARE_PROCESS
        Состояние          : 4  RUNNING
                                (NOT_STOPPABLE, NOT_PAUSABLE, IGNORES_SHUTDOWN)
        Код_выхода_Win32   : 0  (0x0)
        Код_выхода_службы  : 0  (0x0)
        Контрольная_точка  : 0x0
        Ожидание           : 0x0

Имя_службы: ProfSvc
Выводимое_имя: Служба профилей пользователей
        Тип                : 30  WIN32
        Состояние          : 4  RUNNING
                                (STOPPABLE, NOT_PAUSABLE, ACCEPTS_SHUTDOWN)
        Код_выхода_Win32   : 0  (0x0)
        Код_выхода_службы  : 0  (0x0)
        Контрольная_точка  : 0x0
        Ожидание           : 0x0

Имя_службы: QWAVE
Выводимое_имя: Quality Windows Audio Video Experience
        Тип                : 30  WIN32
        Состояние          : 4  RUNNING
                                (STOPPABLE, NOT_PAUSABLE, ACCEPTS_SHUTDOWN)
        Код_выхода_Win32   : 0  (0x0)
        Код_выхода_службы  : 0  (0x0)
        Контрольная_точка  : 0x0
        Ожидание           : 0x0

Имя_службы: RasMan
Выводимое_имя: Диспетчер подключений удаленного доступа
        Тип                : 20  WIN32_SHARE_PROCESS
        Состояние          : 4  RUNNING
                                (STOPPABLE, NOT_PAUSABLE, ACCEPTS_SHUTDOWN)
        Код_выхода_Win32   : 0  (0x0)
        Код_выхода_службы  : 0  (0x0)
        Контрольная_точка  : 0x0
        Ожидание           : 0x0

Имя_службы: RmSvc
Выводимое_имя: Служба управления радио
        Тип                : 30  WIN32
        Состояние          : 4  RUNNING
                                (STOPPABLE, NOT_PAUSABLE, IGNORES_SHUTDOWN)
        Код_выхода_Win32   : 0  (0x0)
        Код_выхода_службы  : 0  (0x0)
        Контрольная_точка  : 0x0
        Ожидание           : 0x0

Имя_службы: ROGGamingCenterService
Выводимое_имя: ROG Gaming Center Service
        Тип                : 10  WIN32_OWN_PROCESS
        Состояние          : 4  RUNNING
                                (STOPPABLE, NOT_PAUSABLE, ACCEPTS_SHUTDOWN)
        Код_выхода_Win32   : 0  (0x0)
        Код_выхода_службы  : 0  (0x0)
        Контрольная_точка  : 0x0
        Ожидание           : 0x0

Имя_службы: RpcEptMapper
Выводимое_имя: Сопоставитель конечных точек RPC
        Тип                : 20  WIN32_SHARE_PROCESS
        Состояние          : 4  RUNNING
                                (NOT_STOPPABLE, NOT_PAUSABLE, IGNORES_SHUTDOWN)
        Код_выхода_Win32   : 0  (0x0)
        Код_выхода_службы  : 0  (0x0)
        Контрольная_точка  : 0x0
        Ожидание           : 0x0

Имя_службы: RpcSs
Выводимое_имя: Удаленный вызов процедур (RPC)
        Тип                : 20  WIN32_SHARE_PROCESS
        Состояние          : 4  RUNNING
                                (NOT_STOPPABLE, NOT_PAUSABLE, IGNORES_SHUTDOWN)
        Код_выхода_Win32   : 0  (0x0)
        Код_выхода_службы  : 0  (0x0)
        Контрольная_точка  : 0x0
        Ожидание           : 0x0

Имя_службы: SamSs
Выводимое_имя: Диспетчер учетных записей безопасности
        Тип                : 20  WIN32_SHARE_PROCESS
        Состояние          : 4  RUNNING
                                (NOT_STOPPABLE, NOT_PAUSABLE, IGNORES_SHUTDOWN)
        Код_выхода_Win32   : 0  (0x0)
        Код_выхода_службы  : 0  (0x0)
        Контрольная_точка  : 0x0
        Ожидание           : 0x0

Имя_службы: Samsung Printer Dianostics Service
Выводимое_имя: Samsung Printer Dianostics Service
        Тип                : 110  WIN32_OWN_PROCESS  (interactive)
        Состояние          : 4  RUNNING
                                (STOPPABLE, PAUSABLE, IGNORES_SHUTDOWN)
        Код_выхода_Win32   : 0  (0x0)
        Код_выхода_службы  : 0  (0x0)
        Контрольная_точка  : 0x0
        Ожидание           : 0x0

Имя_службы: Schedule
Выводимое_имя: Планировщик заданий
        Тип                : 30  WIN32
        Состояние          : 4  RUNNING
                                (STOPPABLE, NOT_PAUSABLE, ACCEPTS_SHUTDOWN)
        Код_выхода_Win32   : 0  (0x0)
        Код_выхода_службы  : 0  (0x0)
        Контрольная_точка  : 0x0
        Ожидание           : 0x0

Имя_службы: seclogon
Выводимое_имя: Вторичный вход в систему
        Тип                : 30  WIN32
        Состояние          : 4  RUNNING
                                (NOT_STOPPABLE, PAUSABLE, IGNORES_SHUTDOWN)
        Код_выхода_Win32   : 0  (0x0)
        Код_выхода_службы  : 0  (0x0)
        Контрольная_точка  : 0x0
        Ожидание           : 0x0

Имя_службы: SecurityHealthService
Выводимое_имя: Служба "Безопасность Windows"
        Тип                : 10  WIN32_OWN_PROCESS
        Состояние          : 4  RUNNING
                                (NOT_STOPPABLE, NOT_PAUSABLE, ACCEPTS_PRESHUTDOWN)
        Код_выхода_Win32   : 0  (0x0)
        Код_выхода_службы  : 0  (0x0)
        Контрольная_точка  : 0x0
        Ожидание           : 0x0

Имя_службы: SEMgrSvc
Выводимое_имя: Диспетчер платежей и NFC/защищенных элементов
        Тип                : 10  WIN32_OWN_PROCESS
        Состояние          : 4  RUNNING
                                (STOPPABLE, NOT_PAUSABLE, IGNORES_SHUTDOWN)
        Код_выхода_Win32   : 0  (0x0)
        Код_выхода_службы  : 0  (0x0)
        Контрольная_точка  : 0x0
        Ожидание           : 0x0

Имя_службы: SENS
Выводимое_имя: Служба уведомления о системных событиях
        Тип                : 30  WIN32
        Состояние          : 4  RUNNING
                                (STOPPABLE, NOT_PAUSABLE, IGNORES_SHUTDOWN)
        Код_выхода_Win32   : 0  (0x0)
        Код_выхода_службы  : 0  (0x0)
        Контрольная_точка  : 0x0
        Ожидание           : 0x0

Имя_службы: SessionEnv
Выводимое_имя: Настройка сервера удаленных рабочих столов
        Тип                : 30  WIN32
        Состояние          : 4  RUNNING
                                (STOPPABLE, NOT_PAUSABLE, IGNORES_SHUTDOWN)
        Код_выхода_Win32   : 0  (0x0)
        Код_выхода_службы  : 0  (0x0)
        Контрольная_точка  : 0x0
        Ожидание           : 0x0

Имя_службы: SgrmBroker
Выводимое_имя: Брокер мониторинга среды выполнения System Guard
        Тип                : 10  WIN32_OWN_PROCESS
        Состояние          : 4  RUNNING
                                (NOT_STOPPABLE, NOT_PAUSABLE, ACCEPTS_SHUTDOWN)
        Код_выхода_Win32   : 0  (0x0)
        Код_выхода_службы  : 0  (0x0)
        Контрольная_точка  : 0x0
        Ожидание           : 0x0

Имя_службы: ShellHWDetection
Выводимое_имя: Определение оборудования оболочки
        Тип                : 30  WIN32
        Состояние          : 4  RUNNING
                                (STOPPABLE, NOT_PAUSABLE, IGNORES_SHUTDOWN)
        Код_выхода_Win32   : 0  (0x0)
        Код_выхода_службы  : 0  (0x0)
        Контрольная_точка  : 0x0
        Ожидание           : 0x0

Имя_службы: Spooler
Выводимое_имя: Диспетчер печати
        Тип                : 110  WIN32_OWN_PROCESS  (interactive)
        Состояние          : 4  RUNNING
                                (STOPPABLE, NOT_PAUSABLE, IGNORES_SHUTDOWN)
        Код_выхода_Win32   : 0  (0x0)
        Код_выхода_службы  : 0  (0x0)
        Контрольная_точка  : 0x0
        Ожидание           : 0x0

Имя_службы: SQLWriter
Выводимое_имя: SQL Server, службы синхронизации контроля версий
        Тип                : 10  WIN32_OWN_PROCESS
        Состояние          : 4  RUNNING
                                (STOPPABLE, NOT_PAUSABLE, ACCEPTS_SHUTDOWN)
        Код_выхода_Win32   : 0  (0x0)
        Код_выхода_службы  : 0  (0x0)
        Контрольная_точка  : 0x0
        Ожидание           : 0x0

Имя_службы: SSDPSRV
Выводимое_имя: Обнаружение SSDP
        Тип                : 30  WIN32
        Состояние          : 4  RUNNING
                                (STOPPABLE, NOT_PAUSABLE, ACCEPTS_SHUTDOWN)
        Код_выхода_Win32   : 0  (0x0)
        Код_выхода_службы  : 0  (0x0)
        Контрольная_точка  : 0x0
        Ожидание           : 0x0

Имя_службы: SstpSvc
Выводимое_имя: Служба SSTP
        Тип                : 30  WIN32
        Состояние          : 4  RUNNING
                                (STOPPABLE, NOT_PAUSABLE, ACCEPTS_SHUTDOWN)
        Код_выхода_Win32   : 0  (0x0)
        Код_выхода_службы  : 0  (0x0)
        Контрольная_точка  : 0x0
        Ожидание           : 0x0

Имя_службы: StateRepository
Выводимое_имя: Служба репозитория состояний
        Тип                : 30  WIN32
        Состояние          : 4  RUNNING
                                (STOPPABLE, NOT_PAUSABLE, ACCEPTS_SHUTDOWN)
        Код_выхода_Win32   : 0  (0x0)
        Код_выхода_службы  : 0  (0x0)
        Контрольная_точка  : 0x0
        Ожидание           : 0x0

Имя_службы: stisvc
Выводимое_имя: Служба загрузки изображений Windows (WIA)
        Тип                : 10  WIN32_OWN_PROCESS
        Состояние          : 4  RUNNING
                                (STOPPABLE, PAUSABLE, ACCEPTS_SHUTDOWN)
        Код_выхода_Win32   : 0  (0x0)
        Код_выхода_службы  : 0  (0x0)
        Контрольная_точка  : 0x0
        Ожидание           : 0x0

Имя_службы: StorSvc
Выводимое_имя: Служба хранилища
        Тип                : 30  WIN32
        Состояние          : 4  RUNNING
                                (STOPPABLE, NOT_PAUSABLE, IGNORES_SHUTDOWN)
        Код_выхода_Win32   : 0  (0x0)
        Код_выхода_службы  : 0  (0x0)
        Контрольная_точка  : 0x0
        Ожидание           : 0x0

Имя_службы: SysMain
Выводимое_имя: SysMain
        Тип                : 30  WIN32
        Состояние          : 4  RUNNING
                                (STOPPABLE, NOT_PAUSABLE, ACCEPTS_SHUTDOWN)
        Код_выхода_Win32   : 0  (0x0)
        Код_выхода_службы  : 0  (0x0)
        Контрольная_точка  : 0x0
        Ожидание           : 0x0

Имя_службы: SystemEventsBroker
Выводимое_имя: Брокер системных событий
        Тип                : 20  WIN32_SHARE_PROCESS
        Состояние          : 4  RUNNING
                                (STOPPABLE, NOT_PAUSABLE, IGNORES_SHUTDOWN)
        Код_выхода_Win32   : 0  (0x0)
        Код_выхода_службы  : 0  (0x0)
        Контрольная_точка  : 0x0
        Ожидание           : 0x0

Имя_службы: TabletInputService
Выводимое_имя: Служба сенсорной клавиатуры и панели рукописного ввода
        Тип                : 30  WIN32
        Состояние          : 4  RUNNING
                                (NOT_STOPPABLE, NOT_PAUSABLE, IGNORES_SHUTDOWN)
        Код_выхода_Win32   : 0  (0x0)
        Код_выхода_службы  : 0  (0x0)
        Контрольная_точка  : 0x0
        Ожидание           : 0x0

Имя_службы: TermService
Выводимое_имя: Службы удаленных рабочих столов
        Тип                : 30  WIN32
        Состояние          : 4  RUNNING
                                (STOPPABLE, NOT_PAUSABLE, ACCEPTS_SHUTDOWN)
        Код_выхода_Win32   : 0  (0x0)
        Код_выхода_службы  : 0  (0x0)
        Контрольная_точка  : 0x0
        Ожидание           : 0x0

Имя_службы: Themes
Выводимое_имя: Темы
        Тип                : 30  WIN32
        Состояние          : 4  RUNNING
                                (STOPPABLE, NOT_PAUSABLE, IGNORES_SHUTDOWN)
        Код_выхода_Win32   : 0  (0x0)
        Код_выхода_службы  : 0  (0x0)
        Контрольная_точка  : 0x0
        Ожидание           : 0x0

Имя_службы: TimeBrokerSvc
Выводимое_имя: Брокер времени
        Тип                : 30  WIN32
        Состояние          : 4  RUNNING
                                (STOPPABLE, NOT_PAUSABLE, IGNORES_SHUTDOWN)
        Код_выхода_Win32   : 0  (0x0)
        Код_выхода_службы  : 0  (0x0)
        Контрольная_точка  : 0x0
        Ожидание           : 0x0

Имя_службы: TokenBroker
Выводимое_имя: Диспетчер учетных веб-записей
        Тип                : 30  WIN32
        Состояние          : 4  RUNNING
                                (STOPPABLE, NOT_PAUSABLE, IGNORES_SHUTDOWN)
        Код_выхода_Win32   : 0  (0x0)
        Код_выхода_службы  : 0  (0x0)
        Контрольная_точка  : 0x0
        Ожидание           : 0x0

Имя_службы: TrkWks
Выводимое_имя: Клиент отслеживания изменившихся связей
        Тип                : 30  WIN32
        Состояние          : 4  RUNNING
                                (STOPPABLE, NOT_PAUSABLE, ACCEPTS_SHUTDOWN)
        Код_выхода_Win32   : 0  (0x0)
        Код_выхода_службы  : 0  (0x0)
        Контрольная_точка  : 0x0
        Ожидание           : 0x0

Имя_службы: UserManager
Выводимое_имя: Диспетчер пользователей
        Тип                : 30  WIN32
        Состояние          : 4  RUNNING
                                (STOPPABLE, NOT_PAUSABLE, IGNORES_SHUTDOWN)
        Код_выхода_Win32   : 0  (0x0)
        Код_выхода_службы  : 0  (0x0)
        Контрольная_точка  : 0x0
        Ожидание           : 0x0

Имя_службы: UsoSvc
Выводимое_имя: Служба оркестратора обновлений
        Тип                : 30  WIN32
        Состояние          : 4  RUNNING
                                (STOPPABLE, NOT_PAUSABLE, ACCEPTS_SHUTDOWN)
        Код_выхода_Win32   : 0  (0x0)
        Код_выхода_службы  : 0  (0x0)
        Контрольная_точка  : 0x0
        Ожидание           : 0x0

Имя_службы: VaultSvc
Выводимое_имя: Диспетчер учетных данных
        Тип                : 20  WIN32_SHARE_PROCESS
        Состояние          : 4  RUNNING
                                (STOPPABLE, NOT_PAUSABLE, ACCEPTS_SHUTDOWN)
        Код_выхода_Win32   : 0  (0x0)
        Код_выхода_службы  : 0  (0x0)
        Контрольная_точка  : 0x0
        Ожидание           : 0x0

Имя_службы: WbioSrvc
Выводимое_имя: Биометрическая служба Windows
        Тип                : 30  WIN32
        Состояние          : 4  RUNNING
                                (STOPPABLE, NOT_PAUSABLE, ACCEPTS_PRESHUTDOWN)
        Код_выхода_Win32   : 0  (0x0)
        Код_выхода_службы  : 0  (0x0)
        Контрольная_точка  : 0x0
        Ожидание           : 0x0

Имя_службы: Wcmsvc
Выводимое_имя: Диспетчер подключений Windows
        Тип                : 10  WIN32_OWN_PROCESS
        Состояние          : 4  RUNNING
                                (STOPPABLE, NOT_PAUSABLE, ACCEPTS_SHUTDOWN)
        Код_выхода_Win32   : 0  (0x0)
        Код_выхода_службы  : 0  (0x0)
        Контрольная_точка  : 0x0
        Ожидание           : 0x0

Имя_службы: WdiServiceHost
Выводимое_имя: Узел службы диагностики
        Тип                : 30  WIN32
        Состояние          : 4  RUNNING
                                (STOPPABLE, NOT_PAUSABLE, ACCEPTS_SHUTDOWN)
        Код_выхода_Win32   : 0  (0x0)
        Код_выхода_службы  : 0  (0x0)
        Контрольная_точка  : 0x0
        Ожидание           : 0x0

Имя_службы: WdiSystemHost
Выводимое_имя: Узел системы диагностики
        Тип                : 30  WIN32
        Состояние          : 4  RUNNING
                                (STOPPABLE, NOT_PAUSABLE, ACCEPTS_SHUTDOWN)
        Код_выхода_Win32   : 0  (0x0)
        Код_выхода_службы  : 0  (0x0)
        Контрольная_точка  : 0x0
        Ожидание           : 0x0

Имя_службы: WinHttpAutoProxySvc
Выводимое_имя: Служба автоматического обнаружения веб-прокси WinHTTP
        Тип                : 30  WIN32
        Состояние          : 4  RUNNING
                                (NOT_STOPPABLE, NOT_PAUSABLE, ACCEPTS_SHUTDOWN)
        Код_выхода_Win32   : 0  (0x0)
        Код_выхода_службы  : 0  (0x0)
        Контрольная_точка  : 0x0
        Ожидание           : 0x0

Имя_службы: Winmgmt
Выводимое_имя: Инструментарий управления Windows
        Тип                : 30  WIN32
        Состояние          : 4  RUNNING
                                (STOPPABLE, PAUSABLE, ACCEPTS_SHUTDOWN)
        Код_выхода_Win32   : 0  (0x0)
        Код_выхода_службы  : 0  (0x0)
        Контрольная_точка  : 0x0
        Ожидание           : 0x0

Имя_службы: WlanSvc
Выводимое_имя: Служба автонастройки WLAN
        Тип                : 10  WIN32_OWN_PROCESS
        Состояние          : 4  RUNNING
                                (STOPPABLE, NOT_PAUSABLE, ACCEPTS_SHUTDOWN)
        Код_выхода_Win32   : 0  (0x0)
        Код_выхода_службы  : 0  (0x0)
        Контрольная_точка  : 0x0
        Ожидание           : 0x0

Имя_службы: wlidsvc
Выводимое_имя: Помощник по входу в учетную запись Майкрософт
        Тип                : 30  WIN32
        Состояние          : 4  RUNNING
                                (STOPPABLE, NOT_PAUSABLE, IGNORES_SHUTDOWN)
        Код_выхода_Win32   : 0  (0x0)
        Код_выхода_службы  : 0  (0x0)
        Контрольная_точка  : 0x0
        Ожидание           : 0x0

Имя_службы: WpnService
Выводимое_имя: Служба системы push-уведомлений Windows
        Тип                : 30  WIN32
        Состояние          : 4  RUNNING
                                (STOPPABLE, NOT_PAUSABLE, IGNORES_SHUTDOWN)
        Код_выхода_Win32   : 0  (0x0)
        Код_выхода_службы  : 0  (0x0)
        Контрольная_точка  : 0x0
        Ожидание           : 0x0

Имя_службы: wscsvc
Выводимое_имя: Центр обеспечения безопасности
        Тип                : 30  WIN32
        Состояние          : 4  RUNNING
                                (STOPPABLE, NOT_PAUSABLE, ACCEPTS_SHUTDOWN)
        Код_выхода_Win32   : 0  (0x0)
        Код_выхода_службы  : 0  (0x0)
        Контрольная_точка  : 0x0
        Ожидание           : 0x0

Имя_службы: WSearch
Выводимое_имя: Windows Search
        Тип                : 10  WIN32_OWN_PROCESS
        Состояние          : 4  RUNNING
                                (STOPPABLE, NOT_PAUSABLE, ACCEPTS_SHUTDOWN)
        Код_выхода_Win32   : 0  (0x0)
        Код_выхода_службы  : 0  (0x0)
        Контрольная_точка  : 0x0
        Ожидание           : 0x0

Имя_службы: XTU3SERVICE
Выводимое_имя: Intel(R) Extreme Tuning Utility Service
        Тип                : 10  WIN32_OWN_PROCESS
        Состояние          : 4  RUNNING
                                (STOPPABLE, NOT_PAUSABLE, ACCEPTS_SHUTDOWN)
        Код_выхода_Win32   : 0  (0x0)
        Код_выхода_службы  : 0  (0x0)
        Контрольная_точка  : 0x0
        Ожидание           : 0x0

Имя_службы: TeamViewer
Выводимое_имя: TeamViewer
        Тип                : 10  WIN32_OWN_PROCESS
        Состояние          : 4  RUNNING
                                (STOPPABLE, NOT_PAUSABLE, ACCEPTS_SHUTDOWN)
        Код_выхода_Win32   : 0  (0x0)
        Код_выхода_службы  : 0  (0x0)
        Контрольная_точка  : 0x0
        Ожидание           : 0x0

Имя_службы: cbdhsvc_380fbef6
Выводимое_имя: Пользовательская служба буфера обмена_380fbef6
        Тип                : f0   ERROR
        Состояние          : 4  RUNNING
                                (STOPPABLE, NOT_PAUSABLE, IGNORES_SHUTDOWN)
        Код_выхода_Win32   : 0  (0x0)
        Код_выхода_службы  : 0  (0x0)
        Контрольная_точка  : 0x0
        Ожидание           : 0x0

Имя_службы: CDPUserSvc_380fbef6
Выводимое_имя: Служба пользователя платформы подключенных устройств_380fbef6
        Тип                : f0   ERROR
        Состояние          : 4  RUNNING
                                (STOPPABLE, NOT_PAUSABLE, IGNORES_SHUTDOWN)
        Код_выхода_Win32   : 0  (0x0)
        Код_выхода_службы  : 0  (0x0)
        Контрольная_точка  : 0x0
        Ожидание           : 0x0

Имя_службы: OneSyncSvc_380fbef6
Выводимое_имя: Синхронизация узла_380fbef6
        Тип                : e0  USER_SHARE_PROCESS INSTANCE
        Состояние          : 4  RUNNING
                                (STOPPABLE, NOT_PAUSABLE, IGNORES_SHUTDOWN)
        Код_выхода_Win32   : 0  (0x0)
        Код_выхода_службы  : 0  (0x0)
        Контрольная_точка  : 0x0
        Ожидание           : 0x0

Имя_службы: PimIndexMaintenanceSvc_380fbef6
Выводимое_имя: Служба контактных данных_380fbef6
        Тип                : e0  USER_SHARE_PROCESS INSTANCE
        Состояние          : 4  RUNNING
                                (STOPPABLE, NOT_PAUSABLE, ACCEPTS_PRESHUTDOWN)
        Код_выхода_Win32   : 0  (0x0)
        Код_выхода_службы  : 0  (0x0)
        Контрольная_точка  : 0x0
        Ожидание           : 0x0

Имя_службы: UnistoreSvc_380fbef6
Выводимое_имя: Служба хранения данных пользователя_380fbef6
        Тип                : e0  USER_SHARE_PROCESS INSTANCE
        Состояние          : 4  RUNNING
                                (STOPPABLE, NOT_PAUSABLE, ACCEPTS_PRESHUTDOWN)
        Код_выхода_Win32   : 0  (0x0)
        Код_выхода_службы  : 0  (0x0)
        Контрольная_точка  : 0x0
        Ожидание           : 0x0

Имя_службы: UserDataSvc_380fbef6
Выводимое_имя: Служба доступа к данным пользователя_380fbef6
        Тип                : e0  USER_SHARE_PROCESS INSTANCE
        Состояние          : 4  RUNNING
                                (STOPPABLE, NOT_PAUSABLE, ACCEPTS_PRESHUTDOWN)
        Код_выхода_Win32   : 0  (0x0)
        Код_выхода_службы  : 0  (0x0)
        Контрольная_точка  : 0x0
        Ожидание           : 0x0

Имя_службы: WpnUserService_380fbef6
Выводимое_имя: Пользовательская служба push-уведомлений Windows_380fbef6
        Тип                : f0   ERROR
        Состояние          : 4  RUNNING
                                (STOPPABLE, NOT_PAUSABLE, ACCEPTS_PRESHUTDOWN)
        Код_выхода_Win32   : 0  (0x0)
        Код_выхода_службы  : 0  (0x0)
        Контрольная_точка  : 0x0
        Ожидание           : 0x0